=== Sindarin Exploratory Test Results ===
Date: Thu Dec 18 20:47:53 UTC 2025

========================================
Test: test_01_int_literals
========================================
Status: PASSED
Output:
=== Integer Literals ===
zero: 0
positive: 42
negative: -17
large_pos: 2147483647
large_neg: -2147483648

=== Zero Arithmetic ===
0 + 5 = 5
0 - 5 = -5
0 * 5 = 0
0 / 5 = 0
5 + 0 = 5
5 - 0 = 5
5 * 0 = 0

=== Division and Modulo ===
17 / 5 = 3
17 % 5 = 2
-17 / 5 = -3
-17 % 5 = -2
17 / -5 = -3
17 % -5 = 2

=== Increment/Decrement ===
x = 0
after x++: 1
after x--: 0

=== Chained Arithmetic ===
1 + 2 + 3 + 4 = 10
2 * 3 * 4 = 24
10 - 3 - 2 = 5
100 / 10 / 2 = 5

=== Operator Precedence ===
2 + 3 * 4 = 14
(2 + 3) * 4 = 20
10 - 2 * 3 = 4
10 / 2 + 3 = 8

========================================
Test: test_02_double_literals
========================================
Status: PASSED
Output:
=== Double Literals ===
zero: 0.00000
positive: 3.14159
negative: -2.71828
small1: 0.00100
small2: 0.00010
large: 1000000.00000

=== Double Arithmetic ===
3.5 + 2.5 = 6.00000
10.0 - 3.7 = 6.30000
2.5 * 4.0 = 10.00000
10.0 / 4.0 = 2.50000
10.0 / 3.0 = 3.33333

=== Zero Double Arithmetic ===
0.0 + 5.5 = 5.50000
0.0 * 10.0 = 0.00000
5.5 * 0.0 = 0.00000

=== Double Comparisons ===
3.14 == 3.14: true
3.14 != 2.71: true
3.14 > 2.71: true
3.14 < 2.71: false
3.14 >= 3.14: true
3.14 <= 3.14: true

=== Precision ===
0.1 + 0.2 = 0.30000

========================================
Test: test_03_string_literals
========================================
Status: PASSED
Output:
=== String Literals ===
hello: Hello, World!
empty: ""
empty length: 0
single char string: "x", length: 1

=== Escape Sequences ===
newline:
Line1
Line2
tab: Col1	Col2
quote: He said "Hello"
backslash: Path: C:\Users

=== Concatenation ===
Concatenated: Hello World
With empty: StartEnd

=== String Comparison ===
"abc" == "abc": true
"abc" != "xyz": true
"abc" < "abd": true
"" == "": true
"a" < "b": true
"aa" < "ab": true

=== Complex Interpolation ===
Name: Alice, Age: 30, Height: 5.70000, Active: true
Expression: 5 + 3 = 8
Expression: 5 * 3 = 15

=== String Methods ===
length: 11
toUpper: HELLO WORLD
toLower: hello world
trim: "trimme"
substring(0, 5): Hello
indexOf("World"): 7
contains("World"): true
startsWith("Hello"): true
endsWith("!"): true
replace("foo", "baz"): baz bar baz
split result length: 4

========================================
Test: test_04_char_literals
========================================
Status: COMPILE FAILED (c -> exe)
GCC Output:
output/test_04_char_literals.c: In function ‘main’:
output/test_04_char_literals.c:339:53: warning: implicit declaration of function ‘rt_eq_void’; did you mean ‘rt_eq_long’? [-Wimplicit-function-declaration]
  339 |         _str_part1 = rt_to_string_bool(__arena_1__, rt_eq_void('a', 'a'));
      |                                                     ^~~~~~~~~~
      |                                                     rt_eq_long
output/test_04_char_literals.c:352:53: warning: implicit declaration of function ‘rt_ne_void’; did you mean ‘rt_ne_long’? [-Wimplicit-function-declaration]
  352 |         _str_part1 = rt_to_string_bool(__arena_1__, rt_ne_void('a', 'b'));
      |                                                     ^~~~~~~~~~
      |                                                     rt_ne_long
output/test_04_char_literals.c:365:53: warning: implicit declaration of function ‘rt_lt_void’; did you mean ‘rt_lt_long’? [-Wimplicit-function-declaration]
  365 |         _str_part1 = rt_to_string_bool(__arena_1__, rt_lt_void('a', 'b'));
      |                                                     ^~~~~~~~~~
      |                                                     rt_lt_long
/usr/bin/ld: /tmp/ccxheuAT.o: in function `main':
test_04_char_literals.c:(.text+0x902): undefined reference to `rt_eq_void'
/usr/bin/ld: test_04_char_literals.c:(.text+0x9db): undefined reference to `rt_ne_void'
/usr/bin/ld: test_04_char_literals.c:(.text+0xab4): undefined reference to `rt_lt_void'
/usr/bin/ld: test_04_char_literals.c:(.text+0xb8d): undefined reference to `rt_lt_void'
/usr/bin/ld: test_04_char_literals.c:(.text+0xc66): undefined reference to `rt_lt_void'
collect2: error: ld returned 1 exit status

========================================
Test: test_05_bool_literals
========================================
Status: PASSED
Output:
=== Boolean Literals ===
true: true
false: false

=== Boolean from Comparisons ===
10 == 5: false
10 != 5: true
10 > 5: true
10 < 5: false
10 >= 5: true
10 <= 5: false

=== NOT Operator ===
!true: false
!false: true
flag: true, !flag: false
!!true: true

=== AND Operator ===
true && true: true
true && false: false
false && true: false
false && false: false

=== OR Operator ===
true || true: true
true || false: true
false || true: true
false || false: false

=== Complex Expressions ===
(true && false) || true: true
true && (false || true): true
!(true && false): true
!true || !false: true

=== Short-circuit Test ===
Short-circuit AND works
Short-circuit OR works

=== Boolean in Conditionals ===
is_valid is true
!is_valid is false

=== Boolean Array ===
Bool array: [true, false, true, false]
Length: 4

========================================
Test: test_06_arrays_basic
========================================
Status: COMPILE FAILED (sn -> c)
Output:
[test_06_arrays_basic.sn:37] Error at '100': Invalid assignment target
[test_06_arrays_basic.sn:38] Error at '': Expected expression
[test_06_arrays_basic.sn:39] Error at '': Expected expression
[test_06_arrays_basic.sn:40] Error at '': Expected expression
[test_06_arrays_basic.sn:41] Error at '': Expected expression
[test_06_arrays_basic.sn:44] Error at '': Expected expression
[test_06_arrays_basic.sn:45] Error at '': Expected expression
[test_06_arrays_basic.sn:46] Error at '': Expected expression
[test_06_arrays_basic.sn:47] Error at '': Expected expression
[test_06_arrays_basic.sn:48] Error at '': Expected expression
[test_06_arrays_basic.sn:50] Error at '': Expected expression
[test_06_arrays_basic.sn:51] Error at '': Expected expression
[test_06_arrays_basic.sn:52] Error at '': Expected expression
[test_06_arrays_basic.sn:53] Error at '': Expected expression
[test_06_arrays_basic.sn:55] Error at '': Expected expression
[test_06_arrays_basic.sn:56] Error at '': Expected expression
[test_06_arrays_basic.sn:57] Error at '': Expected expression
[test_06_arrays_basic.sn:58] Error at '': Expected expression
[test_06_arrays_basic.sn:60] Error at '': Expected expression
[test_06_arrays_basic.sn:61] Error at '': Expected expression
[test_06_arrays_basic.sn:62] Error at '': Expected expression
[test_06_arrays_basic.sn:63] Error at '': Expected expression
[test_06_arrays_basic.sn:65] Error at '': Expected expression
[ERROR] compiler.c:155: Failed to parse module with imports

========================================
Test: test_07_arrays_methods
========================================
Status: COMPILE FAILED (sn -> c)
Output:
[test_07_arrays_methods.sn:20] Error at 'val': Expected variable name
[test_07_arrays_methods.sn:21] Error at '': Expected expression
[test_07_arrays_methods.sn:23] Error at '': Expected expression
[test_07_arrays_methods.sn:24] Error at '': Expected expression
[test_07_arrays_methods.sn:25] Error at '': Expected expression
[test_07_arrays_methods.sn:26] Error at '': Expected expression
[test_07_arrays_methods.sn:27] Error at '': Expected expression
[test_07_arrays_methods.sn:29] Error at '': Expected expression
[test_07_arrays_methods.sn:30] Error at '': Expected expression
[test_07_arrays_methods.sn:31] Error at '': Expected expression
[test_07_arrays_methods.sn:32] Error at '': Expected expression
[test_07_arrays_methods.sn:34] Error at '': Expected expression
[test_07_arrays_methods.sn:35] Error at '': Expected expression
[test_07_arrays_methods.sn:36] Error at '': Expected expression
[test_07_arrays_methods.sn:37] Error at '': Expected expression
[test_07_arrays_methods.sn:39] Error at '': Expected expression
[test_07_arrays_methods.sn:40] Error at '': Expected expression
[test_07_arrays_methods.sn:41] Error at '': Expected expression
[test_07_arrays_methods.sn:42] Error at '': Expected expression
[test_07_arrays_methods.sn:44] Error at '': Expected expression
[test_07_arrays_methods.sn:45] Error at '': Expected expression
[test_07_arrays_methods.sn:46] Error at '': Expected expression
[test_07_arrays_methods.sn:47] Error at '': Expected expression
[test_07_arrays_methods.sn:48] Error at '': Expected expression
[test_07_arrays_methods.sn:49] Error at '': Expected expression
[test_07_arrays_methods.sn:50] Error at '': Expected expression
[test_07_arrays_methods.sn:51] Error at '': Expected expression
[test_07_arrays_methods.sn:52] Error at '': Expected expression
[test_07_arrays_methods.sn:55] Error at '': Expected expression
[test_07_arrays_methods.sn:56] Error at '': Expected expression
[test_07_arrays_methods.sn:57] Error at '': Expected expression
[test_07_arrays_methods.sn:58] Error at '': Expected expression
[test_07_arrays_methods.sn:59] Error at '': Expected expression
[test_07_arrays_methods.sn:62] Error at '': Expected expression
[test_07_arrays_methods.sn:63] Error at '': Expected expression
[test_07_arrays_methods.sn:64] Error at '': Expected expression
[test_07_arrays_methods.sn:65] Error at '': Expected expression
[test_07_arrays_methods.sn:66] Error at '': Expected expression
[test_07_arrays_methods.sn:68] Error at '': Expected expression
[test_07_arrays_methods.sn:69] Error at '': Expected expression
[test_07_arrays_methods.sn:70] Error at '': Expected expression
[test_07_arrays_methods.sn:71] Error at '': Expected expression
[test_07_arrays_methods.sn:72] Error at '': Expected expression
[test_07_arrays_methods.sn:73] Error at '': Expected expression
[test_07_arrays_methods.sn:74] Error at '': Expected expression
[test_07_arrays_methods.sn:75] Error at '': Expected expression
[test_07_arrays_methods.sn:76] Error at '': Expected expression
[test_07_arrays_methods.sn:77] Error at '': Expected expression
[test_07_arrays_methods.sn:78] Error at '': Expected expression
[test_07_arrays_methods.sn:79] Error at '': Expected expression
[test_07_arrays_methods.sn:80] Error at '': Expected expression
[test_07_arrays_methods.sn:82] Error at '': Expected expression
[test_07_arrays_methods.sn:83] Error at '': Expected expression
[test_07_arrays_methods.sn:84] Error at '': Expected expression
[test_07_arrays_methods.sn:85] Error at '': Expected expression
[test_07_arrays_methods.sn:86] Error at '': Expected expression
[test_07_arrays_methods.sn:87] Error at '': Expected expression
[test_07_arrays_methods.sn:88] Error at '': Expected expression
[test_07_arrays_methods.sn:91] Error at '': Expected expression
[test_07_arrays_methods.sn:92] Error at '': Expected expression
[test_07_arrays_methods.sn:93] Error at '': Expected expression
[test_07_arrays_methods.sn:94] Error at '': Expected expression
[test_07_arrays_methods.sn:96] Error at '': Expected expression
[test_07_arrays_methods.sn:97] Error at '': Expected expression
[test_07_arrays_methods.sn:98] Error at '': Expected expression
[test_07_arrays_methods.sn:99] Error at '': Expected expression
[test_07_arrays_methods.sn:100] Error at '': Expected expression
[test_07_arrays_methods.sn:101] Error at '': Expected expression
[test_07_arrays_methods.sn:104] Error at '': Expected expression
[test_07_arrays_methods.sn:105] Error at '': Expected expression
[test_07_arrays_methods.sn:106] Error at '': Expected expression
[test_07_arrays_methods.sn:108] Error at '': Expected expression
[test_07_arrays_methods.sn:109] Error at '': Expected expression
[test_07_arrays_methods.sn:110] Error at '': Expected expression
[test_07_arrays_methods.sn:111] Error at '': Expected expression
[test_07_arrays_methods.sn:113] Error at '': Expected expression
[test_07_arrays_methods.sn:114] Error at '': Expected expression
[test_07_arrays_methods.sn:117] Error at '': Expected expression
[test_07_arrays_methods.sn:118] Error at '': Expected expression
[test_07_arrays_methods.sn:120] Error at '': Expected expression
[test_07_arrays_methods.sn:121] Error at '': Expected expression
[test_07_arrays_methods.sn:122] Error at '': Expected expression
[test_07_arrays_methods.sn:123] Error at '': Expected expression
[test_07_arrays_methods.sn:124] Error at '': Expected expression
[test_07_arrays_methods.sn:126] Error at '': Expected expression
[ERROR] compiler.c:155: Failed to parse module with imports

========================================
Test: test_08_arrays_slicing
========================================
Status: PASSED
Output:
=== Basic Slicing ===
Original: [0, 1, 2, 3, 4, 5, 6, 7, 8, 9]
arr[2..5]: [2, 3, 4]
arr[..3]: [0, 1, 2]
arr[7..]: [7, 8, 9]
arr[..] (full copy): [0, 1, 2, 3, 4, 5, 6, 7, 8, 9]

=== Step Slicing ===
arr[..:2] (every 2nd): [0, 2, 4, 6, 8]
arr[1..:2] (odds): [1, 3, 5, 7, 9]
arr[..:3] (every 3rd): [0, 3, 6, 9]
arr[1..8:2]: [1, 3, 5, 7]

=== Negative Index Slicing ===
arr[-3..]: [7, 8, 9]
arr[..-2]: [0, 1, 2, 3, 4, 5, 6, 7]
arr[-5..-2]: [5, 6, 7]

=== Edge Cases ===
arr[3..4]: [3]
arr[5..5] (empty): []
small[..]: [1, 2]

========================================
Test: test_09_arrays_range_spread
========================================
Status: PASSED
Output:
=== Range Literals ===
1..5: [1, 2, 3, 4]
0..3: [0, 1, 2]
1..10: [1, 2, 3, 4, 5, 6, 7, 8, 9]
Range 5..9: [5, 6, 7, 8]

=== Range in Array Literal ===
{0, 1..4, 10}: [0, 1, 2, 3, 10]
{1..3, 10..13}: [1, 2, 10, 11, 12]

=== Spread Operator ===
source: [1, 2, 3]
{...source}: [1, 2, 3]
{0, ...source}: [0, 1, 2, 3]
{...source, 4, 5}: [1, 2, 3, 4, 5]
{0, ...source, 4}: [0, 1, 2, 3, 4]
{...a, ...b}: [1, 2, 3, 4]

=== Spread with Range ===
{...source, 10..13}: [1, 2, 3, 10, 11, 12]
{1..3, ...source}: [1, 2, 1, 2, 3]

=== Edge Cases ===
{1, ...empty, 2}: [1, 2]
{...single}: [42]

========================================
Test: test_10_loops_while
========================================
Status: PASSED
Output:
=== Basic While Loop ===
i = 0
i = 1
i = 2
i = 3
i = 4

=== Zero Iterations ===
After zero-iteration while

=== Single Iteration ===
k = 0

=== Nested While ===
(0,0) (0,1) (0,2) 
(1,0) (1,1) (1,2) 
(2,0) (2,1) (2,2) 

=== Complex Condition ===
a=0, b=10
a=1, b=8
a=2, b=6
a=3, b=4
a=4, b=2

=== Dynamic Condition ===
counter=0, limit=5
counter=1, limit=5
counter=2, limit=5
counter=3, limit=4

=== Boolean Flag ===
count = 0
count = 1
count = 2

========================================
Test: test_11_loops_for
========================================
Status: PASSED
Output:
=== Basic For Loop ===
i = 0
i = 1
i = 2
i = 3
i = 4

=== Decrementing For ===
j = 5
j = 4
j = 3
j = 2
j = 1

=== Custom Step ===
k = 0
k = 2
k = 4
k = 6
k = 8
k = 10

=== Zero Iterations ===
After zero-iteration for

=== Single Iteration ===
n = 0

=== Nested For ===
(0,0) (0,1) (0,2) 
(1,0) (1,1) (1,2) 
(2,0) (2,1) (2,2) 

=== Sum Calculation ===
Sum of 1..10 = 55

=== Factorial ===
5! = 120

=== Outer Variable ===
i=0, outer=100
i=1, outer=90
i=2, outer=80
Final outer = 70

========================================
Test: test_12_loops_foreach
========================================
Status: PASSED
Output:
=== Basic For-Each ===
n = 10
n = 20
n = 30
n = 40
n = 50

=== Empty Array ===
After empty for-each

=== Single Element ===
n = 42

=== String Array ===
fruit: apple
fruit: banana
fruit: cherry

=== Double Array ===
d = 1.10000
d = 2.20000
d = 3.30000

=== Char Array ===
Hello

=== Bool Array ===
b = true
b = false
b = true

=== Sum with For-Each ===
Sum = 150

=== Nested For-Each ===
(1, 10)
(1, 20)
(2, 10)
(2, 20)

=== For-Each over Range ===
i = 1
i = 2
i = 3
i = 4
i = 5

=== Find Max ===
Max = 9

========================================
Test: test_13_loops_break_continue
========================================
Status: PASSED
Output:
=== Break in For Loop ===
i = 0
i = 1
i = 2
i = 3
i = 4
Breaking at 5

=== Break in While Loop ===
j = 0
j = 1
j = 2
Breaking at 3

=== Break in For-Each ===
n = 1
n = 2
n = 3
Breaking at 4

=== Continue in For Loop ===
i = 1 (odd)
i = 3 (odd)
i = 5 (odd)

=== Continue in While Loop ===
k = 1 (odd)
k = 3 (odd)
k = 5 (odd)

=== Continue in For-Each ===
fruit: apple
fruit: banana
fruit: date
fruit: elderberry

=== Break First Iteration ===
Breaking immediately

=== Continue Every Iteration ===
Count after all continues: 5

=== Break in Nested Loop (Inner) ===
Outer i = 0
  Inner j = 0
  Inner j = 1
Outer i = 1
  Inner j = 0
  Inner j = 1
Outer i = 2
  Inner j = 0
  Inner j = 1

=== Continue in Nested Loop ===
(0,0) (0,2) 
(1,0) (1,2) 
(2,0) (2,2) 

========================================
Test: test_14_conditionals
========================================
Status: COMPILE FAILED (c -> exe)
GCC Output:
output/test_14_conditionals.c: In function ‘main’:
output/test_14_conditionals.c:383:9: warning: implicit declaration of function ‘rt_eq_void’; did you mean ‘rt_eq_long’? [-Wimplicit-function-declaration]
  383 |     if (rt_eq_void(c1, 'A')) {
      |         ^~~~~~~~~~
      |         rt_eq_long
/usr/bin/ld: /tmp/cc08UKQX.o: in function `main':
test_14_conditionals.c:(.text+0x5ab): undefined reference to `rt_eq_void'
collect2: error: ld returned 1 exit status

========================================
Test: test_15_functions
========================================
Status: COMPILE FAILED (sn -> c)
Output:
AddressSanitizer:DEADLYSIGNAL
=================================================================
==877==ERROR: AddressSanitizer: SEGV on unknown address 0x000000000008 (pc 0x5d1acab0bb39 bp 0x7fffb075c070 sp 0x7fffb075c050 T0)
==877==The signal is caused by a READ memory access.
==877==Hint: address points to the zero page.
    #0 0x5d1acab0bb39 in type_check_stmt /home/claude/workspace/compiler/type_checker_stmt.c:361
    #1 0x5d1acaaff52d in type_check_module /home/claude/workspace/compiler/type_checker.c:12
    #2 0x5d1acaaff213 in compiler_compile /home/claude/workspace/compiler/compiler.c:159
    #3 0x5d1acab0bfde in main /home/claude/workspace/compiler/main.c:15
    #4 0x7856af4f31c9 in __libc_start_call_main ../sysdeps/nptl/libc_start_call_main.h:58
    #5 0x7856af4f328a in __libc_start_main_impl ../csu/libc-start.c:360
    #6 0x5d1acaaa87e4 in _start (/home/claude/workspace/bin/sn+0x1a7e4) (BuildId: b4c18275509319870489ecc6d4c9b1bc560a28f0)

AddressSanitizer can not provide additional info.
SUMMARY: AddressSanitizer: SEGV /home/claude/workspace/compiler/type_checker_stmt.c:361 in type_check_stmt
==877==ABORTING

========================================
Test: test_16_lambdas
========================================
Status: PASSED
Output:
=== Basic Lambda ===
double_it(5) = 10
triple(7) = 21

=== Multiple Parameters ===
add(3, 4) = 7
multiply(5, 6) = 30

=== Lambda with Different Types ===
concat("Hello", " World") = Hello World
negate(true) = false

=== Lambda Returning String ===
greet("Alice") = Hello, Alice!

=== Combining Lambdas ===
double_it(add(1, 2)) = 6
add(double_it(3), triple(2)) = 12

=== Lambda Stored and Called ===
square(1) = 1
square(2) = 4
square(3) = 9
square(4) = 16
square(5) = 25

=== Lambda with Shared Modifier ===
increment(99) = 100

========================================
Test: test_17_closures
========================================
Status: PASSED
Output:
=== Basic Closure ===
times(5) with multiplier=3: 15
times(10) with multiplier=3: 30

=== Closure with Multiple Captures ===
add_both(5) with a=10, b=20: 35

=== Closure Capturing Different Types ===
format_int(42): Value: 42

=== Closure in Loop ===
adder(1) = 101
adder(2) = 102
adder(3) = 103

=== Multiple Closures Same Variable ===
add_offset(10) = 15
sub_offset(10) = 5

========================================
Test: test_18_private_shared
========================================
Status: COMPILE FAILED (sn -> c)
Output:
[test_18_private_shared.sn:41] Error at 'shared': Expected '=>' after for-each iterable
[test_18_private_shared.sn:42] Error at '': Expected expression
[test_18_private_shared.sn:43] Error at '': Expected expression
[test_18_private_shared.sn:45] Error at '': Expected expression
[test_18_private_shared.sn:46] Error at '': Expected expression
[test_18_private_shared.sn:47] Error at '': Expected expression
[test_18_private_shared.sn:48] Error at '': Expected expression
[test_18_private_shared.sn:49] Error at '': Expected expression
[test_18_private_shared.sn:51] Error at '': Expected expression
[test_18_private_shared.sn:52] Error at '': Expected expression
[test_18_private_shared.sn:53] Error at '': Expected expression
[test_18_private_shared.sn:57] Error: Inconsistent indentation
[test_18_private_shared.sn:59] Error at '': Expected expression
[ERROR] compiler.c:155: Failed to parse module with imports

========================================
Test: test_19_edge_cases
========================================
Status: COMPILE FAILED (c -> exe)
GCC Output:
output/test_19_edge_cases.c: In function ‘main’:
output/test_19_edge_cases.c:423:10: error: conflicting types for ‘c’; have ‘char’
  423 |     char c = 'X';
      |          ^
output/test_19_edge_cases.c:238:10: note: previous definition of ‘c’ with type ‘long int’
  238 |     long c = rt_div_long(rt_sub_long(rt_mul_long(rt_add_long(1L, 2L), 3L), 4L), 2L);
      |          ^

========================================
Test: test_20_operator_combos
========================================
Status: COMPILE FAILED (sn -> c)
Output:
[interpolated:1] Error at '--': Expected expression
[test_20_operator_combos.sn:52] Error at ')': Invalid expression in interpolation
[test_20_operator_combos.sn:53] Error at '': Expected expression
[test_20_operator_combos.sn:54] Error at '': Expected expression
[test_20_operator_combos.sn:55] Error at '': Expected expression
[test_20_operator_combos.sn:57] Error at '': Expected expression
[test_20_operator_combos.sn:58] Error at '': Expected expression
[test_20_operator_combos.sn:59] Error at '': Expected expression
[test_20_operator_combos.sn:60] Error at '': Expected expression
[test_20_operator_combos.sn:61] Error at '': Expected expression
[test_20_operator_combos.sn:62] Error at '': Expected expression
[test_20_operator_combos.sn:63] Error at '': Expected expression
[test_20_operator_combos.sn:64] Error at '': Expected expression
[test_20_operator_combos.sn:66] Error at '': Expected expression
[test_20_operator_combos.sn:67] Error at '': Expected expression
[test_20_operator_combos.sn:68] Error at '': Expected expression
[test_20_operator_combos.sn:69] Error at '': Expected expression
[test_20_operator_combos.sn:70] Error at '': Expected expression
[test_20_operator_combos.sn:72] Error at '': Expected expression
[ERROR] compiler.c:155: Failed to parse module with imports

========================================
Test: test_21_array_equality
========================================
Status: PASSED
Output:
=== Array Equality ===
{1,2,3} == {1,2,3}: true
{1,2,3} == {1,2,4}: false
{1,2,3} == {1,2}: false
{} == {}: true
{} == {1}: false

=== Array Inequality ===
{1,2,3} != {1,2,4}: true
{1,2,3} != {1,2,3}: false

=== String Array Equality ===
{\"hello\",\"world\"} == {\"hello\",\"world\"}: true
{\"hello\",\"world\"} == {\"hello\",\"there\"}: false

=== Bool Array Equality ===
{true,false} == {true,false}: true
{true,false} == {false,true}: false

========================================
Test: test_22_string_edge_cases
========================================
Status: PASSED
Output:
=== Empty String Operations ===
Empty length: 0
Empty .length: 0
"" + "hello": "hello"
"hello" + "": "hello"
"" + "": ""

=== Single Character String ===
Single char length: 1
Single .toUpper(): "X"
Single .toLower(): "x"

=== Whitespace Strings ===
Spaces length: 3
Spaces .trim(): ""
Mixed .trim(): "hello"

=== Substring Edge Cases ===
substring(0, 0): ""
substring(0, 1): "H"
substring(0, 5): "Hello"
substring(4, 5): "o"

=== IndexOf Edge Cases ===
indexOf("hello"): 0
indexOf(""): 0
indexOf("xyz"): -1

=== Contains Edge Cases ===
contains(""): true
"" contains(""): true

=== StartsWith/EndsWith Edge Cases ===
"hello".startsWith(""): true
"hello".endsWith(""): true
"".startsWith(""): true

=== Replace Edge Cases ===
"aaa".replace("a", "b"): "bbb"

=== Split Edge Cases ===
"a,b,c".split(",") length: 3
"hello".split(",") length: 1

========================================
Test: test_23_scope_shadowing
========================================
